<?xml version="1.0" encoding="UTF-8"?>
<!-- Generated by org.testng.reporters.JUnitReportReporter -->
<testsuite hostname="admin" failures="0" tests="3" name="com.testing.concepts.DependencyTest" time="0.017" errors="0" timestamp="2020-07-30T12:38:23 IST" skipped="0">
  <testcase classname="com.testing.concepts.DependencyTest" name="searchWatch" time="0.014"/>
  <system-out/>
  <testcase classname="com.testing.concepts.DependencyTest" name="searchLaptop" time="0.002"/>
  <system-out/>
  <testcase classname="com.testing.concepts.DependencyTest" name="searchMobile" time="0.001"/>
  <system-out/>
</testsuite> <!-- com.testing.concepts.DependencyTest -->
