<?xml version="1.0" encoding="UTF-8"?>
<!-- Generated by org.testng.reporters.JUnitReportReporter -->
<testsuite hostname="admin" failures="0" tests="1" name="com.testing.concepts.ExceptionTest" time="0.016" errors="0" timestamp="2020-07-30T12:40:48 IST" skipped="0">
  <testcase classname="com.testing.concepts.ExceptionTest" name="test" time="0.016"/>
  <system-out/>
</testsuite> <!-- com.testing.concepts.ExceptionTest -->
