<?xml version="1.0" encoding="UTF-8"?>
<!-- Generated by org.testng.reporters.JUnitReportReporter -->
<testsuite hostname="admin" failures="0" tests="5" name="com.testing.concepts.PriorityTest" time="0.037" errors="0" timestamp="2020-07-30T09:51:22 IST" skipped="0">
  <testcase classname="com.testing.concepts.PriorityTest" name="searchLaptop" time="0.028"/>
  <system-out/>
  <testcase classname="com.testing.concepts.PriorityTest" name="searchTv" time="0.002"/>
  <system-out/>
  <testcase classname="com.testing.concepts.PriorityTest" name="searchMobile" time="0.002"/>
  <system-out/>
  <testcase classname="com.testing.concepts.PriorityTest" name="searchWatch" time="0.003"/>
  <system-out/>
  <testcase classname="com.testing.concepts.PriorityTest" name="searchTab" time="0.002"/>
  <system-out/>
</testsuite> <!-- com.testing.concepts.PriorityTest -->
