<?xml version="1.0" encoding="UTF-8"?>
<!-- Generated by org.testng.reporters.JUnitReportReporter -->
<testsuite hostname="admin" failures="0" tests="3" name="com.testing.concepts.IgnoreTest" time="0.014" errors="0" timestamp="2020-07-30T09:54:57 IST" skipped="2">
  <testcase classname="com.testing.concepts.IgnoreTest" name="searchWatch" time="0.014"/>
  <system-out/>
  <testcase classname="com.testing.concepts.IgnoreTest" name="searchMobile">
    <skipped/>
  </testcase> <!-- searchMobile -->
  <system-out/>
  <testcase classname="com.testing.concepts.IgnoreTest" name="searchLaptop">
    <skipped/>
  </testcase> <!-- searchLaptop -->
  <system-out/>
</testsuite> <!-- com.testing.concepts.IgnoreTest -->
