<?xml version="1.0" encoding="UTF-8"?>
<!-- Generated by org.testng.reporters.JUnitReportReporter -->
<testsuite hostname="admin" failures="0" tests="1" name="ExceptionTest" time="0.015" errors="0" timestamp="2020-07-30T09:34:41 IST" skipped="0">
  <testcase classname="ExceptionTest" name="test" time="0.015"/>
  <system-out/>
</testsuite> <!-- ExceptionTest -->
