<?xml version="1.0" encoding="UTF-8"?>
<!-- Generated by org.testng.reporters.JUnitReportReporter -->
<testsuite hostname="admin" failures="0" tests="6" name="InvocationTest" time="0.034" errors="0" timestamp="2020-07-30T09:27:14 IST" skipped="0">
  <testcase classname="InvocationTest" name="searchMobile" time="0.002"/>
  <system-out/>
  <testcase classname="InvocationTest" name="searchWatch" time="0.004"/>
  <system-out/>
  <testcase classname="InvocationTest" name="searchLaptop" time="0.004"/>
  <system-out/>
  <testcase classname="InvocationTest" name="searchLaptop" time="0.003"/>
  <system-out/>
  <testcase classname="InvocationTest" name="searchLaptop" time="0.016"/>
  <system-out/>
  <testcase classname="InvocationTest" name="searchWatch" time="0.005"/>
  <system-out/>
</testsuite> <!-- InvocationTest -->
