<?xml version="1.0" encoding="UTF-8"?>
<!-- Generated by org.testng.reporters.JUnitReportReporter -->
<testsuite hostname="admin" failures="0" tests="2" name="com.testing.concepts.SimpleAnnotations" time="0.014" errors="0" timestamp="2020-07-28T09:59:45 IST" skipped="0">
  <testcase classname="com.testing.concepts.SimpleAnnotations" name="searchLaptop" time="0.011"/>
  <system-out/>
  <testcase classname="com.testing.concepts.SimpleAnnotations" name="searchMobile" time="0.003"/>
  <system-out/>
</testsuite> <!-- com.testing.concepts.SimpleAnnotations -->
