<?xml version="1.0" encoding="UTF-8"?>
<!-- Generated by org.testng.reporters.JUnitReportReporter -->
<testsuite hostname="admin" failures="0" tests="3" name="com.testing.concepts.DataProviderTest" time="0.025" errors="0" timestamp="2020-07-31T10:34:11 IST" skipped="0">
  <testcase classname="com.testing.concepts.DataProviderTest" name="logIn" time="0.002"/>
  <system-out/>
  <testcase classname="com.testing.concepts.DataProviderTest" name="logIn" time="0.005"/>
  <system-out/>
  <testcase classname="com.testing.concepts.DataProviderTest" name="logIn" time="0.018"/>
  <system-out/>
</testsuite> <!-- com.testing.concepts.DataProviderTest -->
