<?xml version="1.0" encoding="UTF-8"?>
<!-- Generated by org.testng.reporters.JUnitReportReporter -->
<testsuite hostname="admin" failures="0" tests="3" name="DependencyTest" time="0.017" errors="0" timestamp="2020-07-30T09:16:00 IST" skipped="0">
  <testcase classname="DependencyTest" name="searchWatch" time="0.015"/>
  <system-out/>
  <testcase classname="DependencyTest" name="searchLaptop" time="0.001"/>
  <system-out/>
  <testcase classname="DependencyTest" name="searchMobile" time="0.001"/>
  <system-out/>
</testsuite> <!-- DependencyTest -->
